<?xml version="1.0" encoding="UTF-8"?>
<!-- Generated by org.testng.reporters.JUnitReportReporter -->
<testsuite hostname="Deepak" failures="0" tests="1" name="automatePDFFile.Automate_PDF_File" time="4.654" errors="0" timestamp="2024-09-22T23:44:59 IST" skipped="0">
  <testcase classname="automatePDFFile.Automate_PDF_File" name="pdfAutomateTesting" time="4.654"/>
</testsuite> <!-- automatePDFFile.Automate_PDF_File -->
