<?xml version="1.0" encoding="UTF-8"?>
<!-- Generated by org.testng.reporters.JUnitReportReporter -->
<testsuite hostname="Deepak" failures="0" tests="1" name="testNGExample.Test_testwhatsapp" time="0.117" errors="0" timestamp="2024-10-15T11:11:53 IST" skipped="0">
  <testcase classname="testNGExample.Test_testwhatsapp" name="testwhatsapp" time="0.117"/>
</testsuite> <!-- testNGExample.Test_testwhatsapp -->
