<?xml version="1.0" encoding="UTF-8"?>
<!-- Generated by org.testng.reporters.JUnitReportReporter -->
<testsuite hostname="Deepak" failures="0" tests="1" name="autoHealing_Test.AutoHealing_Test" time="7.480" errors="0" timestamp="2024-09-28T21:11:05 IST" skipped="0">
  <testcase classname="autoHealing_Test.AutoHealing_Test" name="autoHealingTest" time="7.480"/>
</testsuite> <!-- autoHealing_Test.AutoHealing_Test -->
