<?xml version="1.0" encoding="UTF-8"?>
<!-- Generated by org.testng.reporters.JUnitReportReporter -->
<testsuite hostname="Deepak" failures="0" tests="1" name="seleniumExample.Ikea_dropdown" time="48.198" errors="0" timestamp="2024-08-22T20:18:39 IST" skipped="0">
  <testcase classname="seleniumExample.Ikea_dropdown" name="testMethod" time="48.198"/>
</testsuite> <!-- seleniumExample.Ikea_dropdown -->
