<?xml version="1.0" encoding="UTF-8"?>
<!-- Generated by org.testng.reporters.JUnitReportReporter -->
<testsuite hostname="Deepak" failures="0" tests="6" name="chrome_Options.Chrome_Options" time="21.861" errors="0" timestamp="2024-09-23T10:07:38 IST" skipped="0">
  <testcase classname="chrome_Options.Chrome_Options" name="testDisableExtension" time="4.003"/>
  <testcase classname="chrome_Options.Chrome_Options" name="testUserAgent" time="4.482"/>
  <testcase classname="chrome_Options.Chrome_Options" name="testDisableInfobars" time="3.294"/>
  <testcase classname="chrome_Options.Chrome_Options" name="testStartMaximized" time="2.949"/>
  <testcase classname="chrome_Options.Chrome_Options" name="testSetWindowSize" time="2.703"/>
  <testcase classname="chrome_Options.Chrome_Options" name="testHeadlessMode" time="4.430"/>
</testsuite> <!-- chrome_Options.Chrome_Options -->
